[0423/153357:ERROR:process_info.cc(608)] range at 0xfef08000, size 0x230 fully unreadable
[0423/153357:ERROR:process_reader_win.cc(233)] ReadMemory at 0x1070000 of 64 bytes failed: Only part of a ReadProcessMemory or WriteProcessMemory request was completed. (0x12B)
[0423/153357:WARNING:pe_image_reader.cc(281)] could not read dos header from C:\Program Files (x86)\Google\Chrome\Application\chrome.exe
[0423/153357:ERROR:process_reader_win.cc(233)] ReadMemory at 0x779e0000 of 64 bytes failed: Only part of a ReadProcessMemory or WriteProcessMemory request was completed. (0x12B)
[0423/153357:WARNING:pe_image_reader.cc(281)] could not read dos header from C:\WINDOWS\SYSTEM32\ntdll.dll
[0423/153357:ERROR:process_reader_win.cc(233)] ReadMemory at 0x77440000 of 64 bytes failed: Only part of a ReadProcessMemory or WriteProcessMemory request was completed. (0x12B)
[0423/153357:WARNING:pe_image_reader.cc(281)] could not read dos header from C:\WINDOWS\SYSTEM32\KERNELBASE.dll
[0423/153357:ERROR:process_reader_win.cc(233)] ReadMemory at 0x75460000 of 64 bytes failed: Only part of a ReadProcessMemory or WriteProcessMemory request was completed. (0x12B)
[0423/153357:WARNING:pe_image_reader.cc(281)] could not read dos header from C:\WINDOWS\SYSTEM32\KERNEL32.DLL
[0423/153357:ERROR:process_reader_win.cc(233)] ReadMemory at 0x77860000 of 64 bytes failed: Only part of a ReadProcessMemory or WriteProcessMemory request was completed. (0x12B)
[0423/153357:WARNING:pe_image_reader.cc(281)] could not read dos header from C:\WINDOWS\SYSTEM32\msvcrt.dll
[0423/153357:ERROR:process_reader_win.cc(233)] ReadMemory at 0x74ff0000 of 64 bytes failed: Only part of a ReadProcessMemory or WriteProcessMemory request was completed. (0x12B)
[0423/153357:WARNING:pe_image_reader.cc(281)] could not read dos header from C:\WINDOWS\SYSTEM32\bcryptPrimitives.dll
[0423/153357:ERROR:process_reader_win.cc(233)] ReadMemory at 0x75050000 of 64 bytes failed: Only part of a ReadProcessMemory or WriteProcessMemory request was completed. (0x12B)
[0423/153357:WARNING:pe_image_reader.cc(281)] could not read dos header from C:\WINDOWS\SYSTEM32\CRYPTBASE.dll
[0423/153357:ERROR:process_reader_win.cc(233)] ReadMemory at 0x75060000 of 64 bytes failed: Only part of a ReadProcessMemory or WriteProcessMemory request was completed. (0x12B)
[0423/153357:WARNING:pe_image_reader.cc(281)] could not read dos header from C:\WINDOWS\SYSTEM32\SspiCli.dll
[0423/153357:ERROR:process_reader_win.cc(233)] ReadMemory at 0x75220000 of 64 bytes failed: Only part of a ReadProcessMemory or WriteProcessMemory request was completed. (0x12B)
[0423/153357:WARNING:pe_image_reader.cc(281)] could not read dos header from C:\WINDOWS\SYSTEM32\RPCRT4.dll
[0423/153357:ERROR:process_reader_win.cc(233)] ReadMemory at 0x774f0000 of 64 bytes failed: Only part of a ReadProcessMemory or WriteProcessMemory request was completed. (0x12B)
[0423/153357:WARNING:pe_image_reader.cc(281)] could not read dos header from C:\WINDOWS\SYSTEM32\sechost.dll
[0423/153357:ERROR:process_reader_win.cc(233)] ReadMemory at 0x75160000 of 64 bytes failed: Only part of a ReadProcessMemory or WriteProcessMemory request was completed. (0x12B)
[0423/153357:WARNING:pe_image_reader.cc(281)] could not read dos header from C:\WINDOWS\SYSTEM32\ADVAPI32.dll
[0423/153357:ERROR:process_reader_win.cc(233)] ReadMemory at 0x720d0000 of 64 bytes failed: Only part of a ReadProcessMemory or WriteProcessMemory request was completed. (0x12B)
[0423/153357:WARNING:pe_image_reader.cc(281)] could not read dos header from C:\WINDOWS\SYSTEM32\VERSION.dll
[0423/153357:ERROR:process_reader_win.cc(233)] ReadMemory at 0x6d060000 of 64 bytes failed: Only part of a ReadProcessMemory or WriteProcessMemory request was completed. (0x12B)
[0423/153357:WARNING:pe_image_reader.cc(281)] could not read dos header from C:\Program Files (x86)\Google\Chrome\Application\54.0.2840.71\chrome_elf.dll
[0423/153357:ERROR:process_reader_win.cc(233)] ReadMemory at 0x77570000 of 64 bytes failed: Only part of a ReadProcessMemory or WriteProcessMemory request was completed. (0x12B)
[0423/153357:WARNING:pe_image_reader.cc(281)] could not read dos header from C:\WINDOWS\SYSTEM32\combase.dll
[0423/153357:ERROR:process_reader_win.cc(233)] ReadMemory at 0x756c0000 of 64 bytes failed: Only part of a ReadProcessMemory or WriteProcessMemory request was completed. (0x12B)
[0423/153357:WARNING:pe_image_reader.cc(281)] could not read dos header from C:\WINDOWS\SYSTEM32\GDI32.dll
[0423/153357:ERROR:process_reader_win.cc(233)] ReadMemory at 0x776b0000 of 64 bytes failed: Only part of a ReadProcessMemory or WriteProcessMemory request was completed. (0x12B)
[0423/153357:WARNING:pe_image_reader.cc(281)] could not read dos header from C:\WINDOWS\SYSTEM32\USER32.dll
[0423/153357:ERROR:process_reader_win.cc(233)] ReadMemory at 0x75080000 of 64 bytes failed: Only part of a ReadProcessMemory or WriteProcessMemory request was completed. (0x12B)
[0423/153357:WARNING:pe_image_reader.cc(281)] could not read dos header from C:\WINDOWS\SYSTEM32\MSCTF.dll
[0423/153357:ERROR:process_reader_win.cc(233)] ReadMemory at 0x752d0000 of 64 bytes failed: Only part of a ReadProcessMemory or WriteProcessMemory request was completed. (0x12B)
[0423/153357:WARNING:pe_image_reader.cc(281)] could not read dos header from C:\WINDOWS\system32\IMM32.DLL
[0423/153357:ERROR:process_reader_win.cc(233)] ReadMemory at 0x772a0000 of 64 bytes failed: Only part of a ReadProcessMemory or WriteProcessMemory request was completed. (0x12B)
[0423/153357:WARNING:pe_image_reader.cc(281)] could not read dos header from C:\WINDOWS\SYSTEM32\SHLWAPI.dll
[0423/153357:ERROR:process_reader_win.cc(233)] ReadMemory at 0x75820000 of 64 bytes failed: Only part of a ReadProcessMemory or WriteProcessMemory request was completed. (0x12B)
[0423/153357:WARNING:pe_image_reader.cc(281)] could not read dos header from C:\WINDOWS\SYSTEM32\SHELL32.dll
[0423/153357:ERROR:process_reader_win.cc(233)] ReadMemory at 0x72630000 of 64 bytes failed: Only part of a ReadProcessMemory or WriteProcessMemory request was completed. (0x12B)
[0423/153357:WARNING:pe_image_reader.cc(281)] could not read dos header from C:\WINDOWS\SYSTEM32\WINMMBASE.dll
[0423/153357:ERROR:process_reader_win.cc(233)] ReadMemory at 0x726f0000 of 64 bytes failed: Only part of a ReadProcessMemory or WriteProcessMemory request was completed. (0x12B)
[0423/153357:WARNING:pe_image_reader.cc(281)] could not read dos header from C:\WINDOWS\SYSTEM32\WINMM.dll
[0423/153357:ERROR:process_reader_win.cc(233)] ReadMemory at 0x74f80000 of 64 bytes failed: Only part of a ReadProcessMemory or WriteProcessMemory request was completed. (0x12B)
[0423/153357:WARNING:pe_image_reader.cc(281)] could not read dos header from C:\WINDOWS\SYSTEM32\WTSAPI32.dll
[0423/153357:ERROR:process_reader_win.cc(233)] ReadMemory at 0x6c990000 of 64 bytes failed: Only part of a ReadProcessMemory or WriteProcessMemory request was completed. (0x12B)
[0423/153357:WARNING:pe_image_reader.cc(281)] could not read dos header from C:\WINDOWS\SYSTEM32\WINHTTP.dll
[0423/153357:ERROR:process_reader_win.cc(233)] ReadMemory at 0x74ec0000 of 64 bytes failed: Only part of a ReadProcessMemory or WriteProcessMemory request was completed. (0x12B)
[0423/153357:WARNING:pe_image_reader.cc(281)] could not read dos header from C:\WINDOWS\SYSTEM32\shcore.dll
[0423/153357:ERROR:process_reader_win.cc(233)] ReadMemory at 0x72210000 of 64 bytes failed: Only part of a ReadProcessMemory or WriteProcessMemory request was completed. (0x12B)
[0423/153357:WARNING:pe_image_reader.cc(281)] could not read dos header from C:\WINDOWS\SYSTEM32\dbghelp.dll
[0423/153357:ERROR:process_reader_win.cc(233)] ReadMemory at 0x755a0000 of 64 bytes failed: Only part of a ReadProcessMemory or WriteProcessMemory request was completed. (0x12B)
[0423/153357:WARNING:pe_image_reader.cc(281)] could not read dos header from C:\WINDOWS\SYSTEM32\ole32.dll
[0423/153357:ERROR:process_reader_win.cc(233)] ReadMemory at 0x777d0000 of 64 bytes failed: Only part of a ReadProcessMemory or WriteProcessMemory request was completed. (0x12B)
[0423/153357:WARNING:pe_image_reader.cc(281)] could not read dos header from C:\WINDOWS\SYSTEM32\OLEAUT32.dll
[0423/153357:ERROR:process_reader_win.cc(233)] ReadMemory at 0x77560000 of 64 bytes failed: Only part of a ReadProcessMemory or WriteProcessMemory request was completed. (0x12B)
[0423/153357:WARNING:pe_image_reader.cc(281)] could not read dos header from C:\WINDOWS\SYSTEM32\PSAPI.DLL
[0423/153357:ERROR:process_reader_win.cc(233)] ReadMemory at 0x77550000 of 64 bytes failed: Only part of a ReadProcessMemory or WriteProcessMemory request was completed. (0x12B)
[0423/153357:WARNING:pe_image_reader.cc(281)] could not read dos header from C:\WINDOWS\SYSTEM32\NSI.dll
[0423/153357:ERROR:process_reader_win.cc(233)] ReadMemory at 0x752f0000 of 64 bytes failed: Only part of a ReadProcessMemory or WriteProcessMemory request was completed. (0x12B)
[0423/153357:WARNING:pe_image_reader.cc(281)] could not read dos header from C:\WINDOWS\SYSTEM32\WS2_32.dll
[0423/153357:ERROR:process_reader_win.cc(233)] ReadMemory at 0x6a100000 of 64 bytes failed: Only part of a ReadProcessMemory or WriteProcessMemory request was completed. (0x12B)
[0423/153357:WARNING:pe_image_reader.cc(281)] could not read dos header from C:\WINDOWS\WinSxS\x86_microsoft.windows.common-controls_6595b64144ccf1df_6.0.9200.16384_none_893961408605e985\COMCTL32.dll
[0423/153357:ERROR:process_reader_win.cc(233)] ReadMemory at 0x770a0000 of 64 bytes failed: Only part of a ReadProcessMemory or WriteProcessMemory request was completed. (0x12B)
[0423/153357:WARNING:pe_image_reader.cc(281)] could not read dos header from C:\WINDOWS\SYSTEM32\COMDLG32.dll
[0423/153357:ERROR:process_reader_win.cc(233)] ReadMemory at 0x76e60000 of 64 bytes failed: Only part of a ReadProcessMemory or WriteProcessMemory request was completed. (0x12B)
[0423/153357:WARNING:pe_image_reader.cc(281)] could not read dos header from C:\WINDOWS\SYSTEM32\USP10.dll
[0423/153357:ERROR:process_reader_win.cc(233)] ReadMemory at 0x74f90000 of 64 bytes failed: Only part of a ReadProcessMemory or WriteProcessMemory request was completed. (0x12B)
[0423/153357:WARNING:pe_image_reader.cc(281)] could not read dos header from C:\WINDOWS\SYSTEM32\WINSPOOL.DRV
[0423/153357:ERROR:process_reader_win.cc(233)] ReadMemory at 0x72620000 of 64 bytes failed: Only part of a ReadProcessMemory or WriteProcessMemory request was completed. (0x12B)
[0423/153357:WARNING:pe_image_reader.cc(281)] could not read dos header from C:\WINDOWS\SYSTEM32\WINNSI.DLL
[0423/153357:ERROR:process_reader_win.cc(233)] ReadMemory at 0x726c0000 of 64 bytes failed: Only part of a ReadProcessMemory or WriteProcessMemory request was completed. (0x12B)
[0423/153357:WARNING:pe_image_reader.cc(281)] could not read dos header from C:\WINDOWS\SYSTEM32\IPHLPAPI.DLL
[0423/153357:ERROR:process_reader_win.cc(233)] ReadMemory at 0x72760000 of 64 bytes failed: Only part of a ReadProcessMemory or WriteProcessMemory request was completed. (0x12B)
[0423/153357:WARNING:pe_image_reader.cc(281)] could not read dos header from C:\WINDOWS\SYSTEM32\Secur32.dll
[0423/153357:ERROR:process_reader_win.cc(233)] ReadMemory at 0x6d1d0000 of 64 bytes failed: Only part of a ReadProcessMemory or WriteProcessMemory request was completed. (0x12B)
[0423/153357:WARNING:pe_image_reader.cc(281)] could not read dos header from C:\WINDOWS\SYSTEM32\DWrite.dll
[0423/153357:ERROR:process_reader_win.cc(233)] ReadMemory at 0x77080000 of 64 bytes failed: Only part of a ReadProcessMemory or WriteProcessMemory request was completed. (0x12B)
[0423/153357:WARNING:pe_image_reader.cc(281)] could not read dos header from C:\WINDOWS\SYSTEM32\MSASN1.dll
[0423/153357:ERROR:process_reader_win.cc(233)] ReadMemory at 0x768f0000 of 64 bytes failed: Only part of a ReadProcessMemory or WriteProcessMemory request was completed. (0x12B)
[0423/153357:WARNING:pe_image_reader.cc(281)] could not read dos header from C:\WINDOWS\SYSTEM32\CRYPT32.dll
[0423/153357:ERROR:process_reader_win.cc(233)] ReadMemory at 0x77360000 of 64 bytes failed: Only part of a ReadProcessMemory or WriteProcessMemory request was completed. (0x12B)
[0423/153357:WARNING:pe_image_reader.cc(281)] could not read dos header from C:\WINDOWS\SYSTEM32\WINTRUST.dll
[0423/153357:ERROR:process_reader_win.cc(233)] ReadMemory at 0x66fc0000 of 64 bytes failed: Only part of a ReadProcessMemory or WriteProcessMemory request was completed. (0x12B)
[0423/153357:WARNING:pe_image_reader.cc(281)] could not read dos header from C:\Program Files (x86)\Google\Chrome\Application\54.0.2840.71\chrome_child.dll
[0423/153357:ERROR:process_info.cc(608)] range at 0xfef0e000, size 0xf84 fully unreadable
[0423/153357:ERROR:process_info.cc(608)] range at 0xfef0b000, size 0xf84 fully unreadable
[0423/153357:ERROR:process_info.cc(608)] range at 0xfef07000, size 0xf84 fully unreadable
[0423/153357:ERROR:process_info.cc(608)] range at 0xfeddf000, size 0xf84 fully unreadable
[0423/153357:ERROR:process_info.cc(608)] range at 0xfeddc000, size 0xf84 fully unreadable
[0423/153357:ERROR:process_info.cc(608)] range at 0xfedd9000, size 0xf84 fully unreadable
[0423/153357:ERROR:process_info.cc(608)] range at 0xfedd6000, size 0xf84 fully unreadable
[0423/153357:ERROR:process_info.cc(608)] range at 0xfedd3000, size 0xf84 fully unreadable
[0423/153357:ERROR:process_info.cc(608)] range at 0xfedd0000, size 0xf84 fully unreadable
[0423/153357:ERROR:process_info.cc(608)] range at 0xfedcd000, size 0xf84 fully unreadable
[0423/153357:ERROR:process_reader_win.cc(233)] ReadMemory at 0x1070000 of 64 bytes failed: Only part of a ReadProcessMemory or WriteProcessMemory request was completed. (0x12B)
[0423/153357:WARNING:pe_image_reader.cc(281)] could not read dos header from C:\Program Files (x86)\Google\Chrome\Application\chrome.exe
[0423/153357:ERROR:process_reader_win.cc(233)] ReadMemory at 0x779e0000 of 64 bytes failed: Only part of a ReadProcessMemory or WriteProcessMemory request was completed. (0x12B)
[0423/153357:WARNING:pe_image_reader.cc(281)] could not read dos header from C:\WINDOWS\SYSTEM32\ntdll.dll
[0423/153357:ERROR:process_reader_win.cc(233)] ReadMemory at 0x77440000 of 64 bytes failed: Only part of a ReadProcessMemory or WriteProcessMemory request was completed. (0x12B)
[0423/153357:WARNING:pe_image_reader.cc(281)] could not read dos header from C:\WINDOWS\SYSTEM32\KERNELBASE.dll
[0423/153357:ERROR:process_reader_win.cc(233)] ReadMemory at 0x75460000 of 64 bytes failed: Only part of a ReadProcessMemory or WriteProcessMemory request was completed. (0x12B)
[0423/153357:WARNING:pe_image_reader.cc(281)] could not read dos header from C:\WINDOWS\SYSTEM32\KERNEL32.DLL
[0423/153357:ERROR:process_reader_win.cc(233)] ReadMemory at 0x77860000 of 64 bytes failed: Only part of a ReadProcessMemory or WriteProcessMemory request was completed. (0x12B)
[0423/153357:WARNING:pe_image_reader.cc(281)] could not read dos header from C:\WINDOWS\SYSTEM32\msvcrt.dll
[0423/153357:ERROR:process_reader_win.cc(233)] ReadMemory at 0x74ff0000 of 64 bytes failed: Only part of a ReadProcessMemory or WriteProcessMemory request was completed. (0x12B)
[0423/153357:WARNING:pe_image_reader.cc(281)] could not read dos header from C:\WINDOWS\SYSTEM32\bcryptPrimitives.dll
[0423/153357:ERROR:process_reader_win.cc(233)] ReadMemory at 0x75050000 of 64 bytes failed: Only part of a ReadProcessMemory or WriteProcessMemory request was completed. (0x12B)
[0423/153357:WARNING:pe_image_reader.cc(281)] could not read dos header from C:\WINDOWS\SYSTEM32\CRYPTBASE.dll
[0423/153357:ERROR:process_reader_win.cc(233)] ReadMemory at 0x75060000 of 64 bytes failed: Only part of a ReadProcessMemory or WriteProcessMemory request was completed. (0x12B)
[0423/153357:WARNING:pe_image_reader.cc(281)] could not read dos header from C:\WINDOWS\SYSTEM32\SspiCli.dll
[0423/153357:ERROR:process_reader_win.cc(233)] ReadMemory at 0x75220000 of 64 bytes failed: Only part of a ReadProcessMemory or WriteProcessMemory request was completed. (0x12B)
[0423/153357:WARNING:pe_image_reader.cc(281)] could not read dos header from C:\WINDOWS\SYSTEM32\RPCRT4.dll
[0423/153357:ERROR:process_reader_win.cc(233)] ReadMemory at 0x774f0000 of 64 bytes failed: Only part of a ReadProcessMemory or WriteProcessMemory request was completed. (0x12B)
[0423/153357:WARNING:pe_image_reader.cc(281)] could not read dos header from C:\WINDOWS\SYSTEM32\sechost.dll
[0423/153357:ERROR:process_reader_win.cc(233)] ReadMemory at 0x75160000 of 64 bytes failed: Only part of a ReadProcessMemory or WriteProcessMemory request was completed. (0x12B)
[0423/153357:WARNING:pe_image_reader.cc(281)] could not read dos header from C:\WINDOWS\SYSTEM32\ADVAPI32.dll
[0423/153357:ERROR:process_reader_win.cc(233)] ReadMemory at 0x720d0000 of 64 bytes failed: Only part of a ReadProcessMemory or WriteProcessMemory request was completed. (0x12B)
[0423/153357:WARNING:pe_image_reader.cc(281)] could not read dos header from C:\WINDOWS\SYSTEM32\VERSION.dll
[0423/153357:ERROR:process_reader_win.cc(233)] ReadMemory at 0x6d060000 of 64 bytes failed: Only part of a ReadProcessMemory or WriteProcessMemory request was completed. (0x12B)
[0423/153357:WARNING:pe_image_reader.cc(281)] could not read dos header from C:\Program Files (x86)\Google\Chrome\Application\54.0.2840.71\chrome_elf.dll
[0423/153357:ERROR:process_reader_win.cc(233)] ReadMemory at 0x77570000 of 64 bytes failed: Only part of a ReadProcessMemory or WriteProcessMemory request was completed. (0x12B)
[0423/153357:WARNING:pe_image_reader.cc(281)] could not read dos header from C:\WINDOWS\SYSTEM32\combase.dll
[0423/153357:ERROR:process_reader_win.cc(233)] ReadMemory at 0x756c0000 of 64 bytes failed: Only part of a ReadProcessMemory or WriteProcessMemory request was completed. (0x12B)
[0423/153357:WARNING:pe_image_reader.cc(281)] could not read dos header from C:\WINDOWS\SYSTEM32\GDI32.dll
[0423/153357:ERROR:process_reader_win.cc(233)] ReadMemory at 0x776b0000 of 64 bytes failed: Only part of a ReadProcessMemory or WriteProcessMemory request was completed. (0x12B)
[0423/153357:WARNING:pe_image_reader.cc(281)] could not read dos header from C:\WINDOWS\SYSTEM32\USER32.dll
[0423/153357:ERROR:process_reader_win.cc(233)] ReadMemory at 0x75080000 of 64 bytes failed: Only part of a ReadProcessMemory or WriteProcessMemory request was completed. (0x12B)
[0423/153357:WARNING:pe_image_reader.cc(281)] could not read dos header from C:\WINDOWS\SYSTEM32\MSCTF.dll
[0423/153357:ERROR:process_reader_win.cc(233)] ReadMemory at 0x752d0000 of 64 bytes failed: Only part of a ReadProcessMemory or WriteProcessMemory request was completed. (0x12B)
[0423/153357:WARNING:pe_image_reader.cc(281)] could not read dos header from C:\WINDOWS\system32\IMM32.DLL
[0423/153357:ERROR:process_reader_win.cc(233)] ReadMemory at 0x772a0000 of 64 bytes failed: Only part of a ReadProcessMemory or WriteProcessMemory request was completed. (0x12B)
[0423/153357:WARNING:pe_image_reader.cc(281)] could not read dos header from C:\WINDOWS\SYSTEM32\SHLWAPI.dll
[0423/153357:ERROR:process_reader_win.cc(233)] ReadMemory at 0x75820000 of 64 bytes failed: Only part of a ReadProcessMemory or WriteProcessMemory request was completed. (0x12B)
[0423/153357:WARNING:pe_image_reader.cc(281)] could not read dos header from C:\WINDOWS\SYSTEM32\SHELL32.dll
[0423/153357:ERROR:process_reader_win.cc(233)] ReadMemory at 0x72630000 of 64 bytes failed: Only part of a ReadProcessMemory or WriteProcessMemory request was completed. (0x12B)
[0423/153357:WARNING:pe_image_reader.cc(281)] could not read dos header from C:\WINDOWS\SYSTEM32\WINMMBASE.dll
[0423/153357:ERROR:process_reader_win.cc(233)] ReadMemory at 0x726f0000 of 64 bytes failed: Only part of a ReadProcessMemory or WriteProcessMemory request was completed. (0x12B)
[0423/153357:WARNING:pe_image_reader.cc(281)] could not read dos header from C:\WINDOWS\SYSTEM32\WINMM.dll
[0423/153357:ERROR:process_reader_win.cc(233)] ReadMemory at 0x74f80000 of 64 bytes failed: Only part of a ReadProcessMemory or WriteProcessMemory request was completed. (0x12B)
[0423/153357:WARNING:pe_image_reader.cc(281)] could not read dos header from C:\WINDOWS\SYSTEM32\WTSAPI32.dll
[0423/153357:ERROR:process_reader_win.cc(233)] ReadMemory at 0x6c990000 of 64 bytes failed: Only part of a ReadProcessMemory or WriteProcessMemory request was completed. (0x12B)
[0423/153357:WARNING:pe_image_reader.cc(281)] could not read dos header from C:\WINDOWS\SYSTEM32\WINHTTP.dll
[0423/153357:ERROR:process_reader_win.cc(233)] ReadMemory at 0x74ec0000 of 64 bytes failed: Only part of a ReadProcessMemory or WriteProcessMemory request was completed. (0x12B)
[0423/153357:WARNING:pe_image_reader.cc(281)] could not read dos header from C:\WINDOWS\SYSTEM32\shcore.dll
[0423/153357:ERROR:process_reader_win.cc(233)] ReadMemory at 0x72210000 of 64 bytes failed: Only part of a ReadProcessMemory or WriteProcessMemory request was completed. (0x12B)
[0423/153357:WARNING:pe_image_reader.cc(281)] could not read dos header from C:\WINDOWS\SYSTEM32\dbghelp.dll
[0423/153357:ERROR:process_reader_win.cc(233)] ReadMemory at 0x755a0000 of 64 bytes failed: Only part of a ReadProcessMemory or WriteProcessMemory request was completed. (0x12B)
[0423/153357:WARNING:pe_image_reader.cc(281)] could not read dos header from C:\WINDOWS\SYSTEM32\ole32.dll
[0423/153357:ERROR:process_reader_win.cc(233)] ReadMemory at 0x777d0000 of 64 bytes failed: Only part of a ReadProcessMemory or WriteProcessMemory request was completed. (0x12B)
[0423/153357:WARNING:pe_image_reader.cc(281)] could not read dos header from C:\WINDOWS\SYSTEM32\OLEAUT32.dll
[0423/153357:ERROR:process_reader_win.cc(233)] ReadMemory at 0x77560000 of 64 bytes failed: Only part of a ReadProcessMemory or WriteProcessMemory request was completed. (0x12B)
[0423/153357:WARNING:pe_image_reader.cc(281)] could not read dos header from C:\WINDOWS\SYSTEM32\PSAPI.DLL
[0423/153357:ERROR:process_reader_win.cc(233)] ReadMemory at 0x77550000 of 64 bytes failed: Only part of a ReadProcessMemory or WriteProcessMemory request was completed. (0x12B)
[0423/153357:WARNING:pe_image_reader.cc(281)] could not read dos header from C:\WINDOWS\SYSTEM32\NSI.dll
[0423/153357:ERROR:process_reader_win.cc(233)] ReadMemory at 0x752f0000 of 64 bytes failed: Only part of a ReadProcessMemory or WriteProcessMemory request was completed. (0x12B)
[0423/153357:WARNING:pe_image_reader.cc(281)] could not read dos header from C:\WINDOWS\SYSTEM32\WS2_32.dll
[0423/153357:ERROR:process_reader_win.cc(233)] ReadMemory at 0x6a100000 of 64 bytes failed: Only part of a ReadProcessMemory or WriteProcessMemory request was completed. (0x12B)
[0423/153357:WARNING:pe_image_reader.cc(281)] could not read dos header from C:\WINDOWS\WinSxS\x86_microsoft.windows.common-controls_6595b64144ccf1df_6.0.9200.16384_none_893961408605e985\COMCTL32.dll
[0423/153357:ERROR:process_reader_win.cc(233)] ReadMemory at 0x770a0000 of 64 bytes failed: Only part of a ReadProcessMemory or WriteProcessMemory request was completed. (0x12B)
[0423/153357:WARNING:pe_image_reader.cc(281)] could not read dos header from C:\WINDOWS\SYSTEM32\COMDLG32.dll
[0423/153357:ERROR:process_reader_win.cc(233)] ReadMemory at 0x76e60000 of 64 bytes failed: Only part of a ReadProcessMemory or WriteProcessMemory request was completed. (0x12B)
[0423/153357:WARNING:pe_image_reader.cc(281)] could not read dos header from C:\WINDOWS\SYSTEM32\USP10.dll
[0423/153357:ERROR:process_reader_win.cc(233)] ReadMemory at 0x74f90000 of 64 bytes failed: Only part of a ReadProcessMemory or WriteProcessMemory request was completed. (0x12B)
[0423/153357:WARNING:pe_image_reader.cc(281)] could not read dos header from C:\WINDOWS\SYSTEM32\WINSPOOL.DRV
[0423/153357:ERROR:process_reader_win.cc(233)] ReadMemory at 0x72620000 of 64 bytes failed: Only part of a ReadProcessMemory or WriteProcessMemory request was completed. (0x12B)
[0423/153357:WARNING:pe_image_reader.cc(281)] could not read dos header from C:\WINDOWS\SYSTEM32\WINNSI.DLL
[0423/153357:ERROR:process_reader_win.cc(233)] ReadMemory at 0x726c0000 of 64 bytes failed: Only part of a ReadProcessMemory or WriteProcessMemory request was completed. (0x12B)
[0423/153357:WARNING:pe_image_reader.cc(281)] could not read dos header from C:\WINDOWS\SYSTEM32\IPHLPAPI.DLL
[0423/153357:ERROR:process_reader_win.cc(233)] ReadMemory at 0x72760000 of 64 bytes failed: Only part of a ReadProcessMemory or WriteProcessMemory request was completed. (0x12B)
[0423/153357:WARNING:pe_image_reader.cc(281)] could not read dos header from C:\WINDOWS\SYSTEM32\Secur32.dll
[0423/153357:ERROR:process_reader_win.cc(233)] ReadMemory at 0x6d1d0000 of 64 bytes failed: Only part of a ReadProcessMemory or WriteProcessMemory request was completed. (0x12B)
[0423/153357:WARNING:pe_image_reader.cc(281)] could not read dos header from C:\WINDOWS\SYSTEM32\DWrite.dll
[0423/153357:ERROR:process_reader_win.cc(233)] ReadMemory at 0x77080000 of 64 bytes failed: Only part of a ReadProcessMemory or WriteProcessMemory request was completed. (0x12B)
[0423/153357:WARNING:pe_image_reader.cc(281)] could not read dos header from C:\WINDOWS\SYSTEM32\MSASN1.dll
[0423/153357:ERROR:process_reader_win.cc(233)] ReadMemory at 0x768f0000 of 64 bytes failed: Only part of a ReadProcessMemory or WriteProcessMemory request was completed. (0x12B)
[0423/153357:WARNING:pe_image_reader.cc(281)] could not read dos header from C:\WINDOWS\SYSTEM32\CRYPT32.dll
[0423/153357:ERROR:process_reader_win.cc(233)] ReadMemory at 0x77360000 of 64 bytes failed: Only part of a ReadProcessMemory or WriteProcessMemory request was completed. (0x12B)
[0423/153357:WARNING:pe_image_reader.cc(281)] could not read dos header from C:\WINDOWS\SYSTEM32\WINTRUST.dll
[0423/153357:ERROR:process_reader_win.cc(233)] ReadMemory at 0x66fc0000 of 64 bytes failed: Only part of a ReadProcessMemory or WriteProcessMemory request was completed. (0x12B)
[0423/153357:WARNING:pe_image_reader.cc(281)] could not read dos header from C:\Program Files (x86)\Google\Chrome\Application\54.0.2840.71\chrome_child.dll
[0423/153357:ERROR:process_reader_win.cc(233)] ReadMemory at 0x1070000 of 64 bytes failed: Only part of a ReadProcessMemory or WriteProcessMemory request was completed. (0x12B)
[0423/153357:WARNING:pe_image_reader.cc(281)] could not read dos header from C:\Program Files (x86)\Google\Chrome\Application\chrome.exe
[0423/153357:ERROR:process_reader_win.cc(233)] ReadMemory at 0x779e0000 of 64 bytes failed: Only part of a ReadProcessMemory or WriteProcessMemory request was completed. (0x12B)
[0423/153357:WARNING:pe_image_reader.cc(281)] could not read dos header from C:\WINDOWS\SYSTEM32\ntdll.dll
[0423/153357:ERROR:process_reader_win.cc(233)] ReadMemory at 0x77440000 of 64 bytes failed: Only part of a ReadProcessMemory or WriteProcessMemory request was completed. (0x12B)
[0423/153357:WARNING:pe_image_reader.cc(281)] could not read dos header from C:\WINDOWS\SYSTEM32\KERNELBASE.dll
[0423/153357:ERROR:process_reader_win.cc(233)] ReadMemory at 0x75460000 of 64 bytes failed: Only part of a ReadProcessMemory or WriteProcessMemory request was completed. (0x12B)
[0423/153357:WARNING:pe_image_reader.cc(281)] could not read dos header from C:\WINDOWS\SYSTEM32\KERNEL32.DLL
[0423/153357:ERROR:process_reader_win.cc(233)] ReadMemory at 0x77860000 of 64 bytes failed: Only part of a ReadProcessMemory or WriteProcessMemory request was completed. (0x12B)
[0423/153357:WARNING:pe_image_reader.cc(281)] could not read dos header from C:\WINDOWS\SYSTEM32\msvcrt.dll
[0423/153357:ERROR:process_reader_win.cc(233)] ReadMemory at 0x74ff0000 of 64 bytes failed: Only part of a ReadProcessMemory or WriteProcessMemory request was completed. (0x12B)
[0423/153357:WARNING:pe_image_reader.cc(281)] could not read dos header from C:\WINDOWS\SYSTEM32\bcryptPrimitives.dll
[0423/153357:ERROR:process_reader_win.cc(233)] ReadMemory at 0x75050000 of 64 bytes failed: Only part of a ReadProcessMemory or WriteProcessMemory request was completed. (0x12B)
[0423/153357:WARNING:pe_image_reader.cc(281)] could not read dos header from C:\WINDOWS\SYSTEM32\CRYPTBASE.dll
[0423/153357:ERROR:process_reader_win.cc(233)] ReadMemory at 0x75060000 of 64 bytes failed: Only part of a ReadProcessMemory or WriteProcessMemory request was completed. (0x12B)
[0423/153357:WARNING:pe_image_reader.cc(281)] could not read dos header from C:\WINDOWS\SYSTEM32\SspiCli.dll
[0423/153357:ERROR:process_reader_win.cc(233)] ReadMemory at 0x75220000 of 64 bytes failed: Only part of a ReadProcessMemory or WriteProcessMemory request was completed. (0x12B)
[0423/153357:WARNING:pe_image_reader.cc(281)] could not read dos header from C:\WINDOWS\SYSTEM32\RPCRT4.dll
[0423/153357:ERROR:process_reader_win.cc(233)] ReadMemory at 0x774f0000 of 64 bytes failed: Only part of a ReadProcessMemory or WriteProcessMemory request was completed. (0x12B)
[0423/153357:WARNING:pe_image_reader.cc(281)] could not read dos header from C:\WINDOWS\SYSTEM32\sechost.dll
[0423/153357:ERROR:process_reader_win.cc(233)] ReadMemory at 0x75160000 of 64 bytes failed: Only part of a ReadProcessMemory or WriteProcessMemory request was completed. (0x12B)
[0423/153357:WARNING:pe_image_reader.cc(281)] could not read dos header from C:\WINDOWS\SYSTEM32\ADVAPI32.dll
[0423/153357:ERROR:process_reader_win.cc(233)] ReadMemory at 0x720d0000 of 64 bytes failed: Only part of a ReadProcessMemory or WriteProcessMemory request was completed. (0x12B)
[0423/153357:WARNING:pe_image_reader.cc(281)] could not read dos header from C:\WINDOWS\SYSTEM32\VERSION.dll
[0423/153357:ERROR:process_reader_win.cc(233)] ReadMemory at 0x6d060000 of 64 bytes failed: Only part of a ReadProcessMemory or WriteProcessMemory request was completed. (0x12B)
[0423/153357:WARNING:pe_image_reader.cc(281)] could not read dos header from C:\Program Files (x86)\Google\Chrome\Application\54.0.2840.71\chrome_elf.dll
[0423/153357:ERROR:process_reader_win.cc(233)] ReadMemory at 0x77570000 of 64 bytes failed: Only part of a ReadProcessMemory or WriteProcessMemory request was completed. (0x12B)
[0423/153357:WARNING:pe_image_reader.cc(281)] could not read dos header from C:\WINDOWS\SYSTEM32\combase.dll
[0423/153357:ERROR:process_reader_win.cc(233)] ReadMemory at 0x756c0000 of 64 bytes failed: Only part of a ReadProcessMemory or WriteProcessMemory request was completed. (0x12B)
[0423/153357:WARNING:pe_image_reader.cc(281)] could not read dos header from C:\WINDOWS\SYSTEM32\GDI32.dll
[0423/153357:ERROR:process_reader_win.cc(233)] ReadMemory at 0x776b0000 of 64 bytes failed: Only part of a ReadProcessMemory or WriteProcessMemory request was completed. (0x12B)
[0423/153357:WARNING:pe_image_reader.cc(281)] could not read dos header from C:\WINDOWS\SYSTEM32\USER32.dll
[0423/153357:ERROR:process_reader_win.cc(233)] ReadMemory at 0x75080000 of 64 bytes failed: Only part of a ReadProcessMemory or WriteProcessMemory request was completed. (0x12B)
[0423/153357:WARNING:pe_image_reader.cc(281)] could not read dos header from C:\WINDOWS\SYSTEM32\MSCTF.dll
[0423/153357:ERROR:process_reader_win.cc(233)] ReadMemory at 0x752d0000 of 64 bytes failed: Only part of a ReadProcessMemory or WriteProcessMemory request was completed. (0x12B)
[0423/153357:WARNING:pe_image_reader.cc(281)] could not read dos header from C:\WINDOWS\system32\IMM32.DLL
[0423/153357:ERROR:process_reader_win.cc(233)] ReadMemory at 0x772a0000 of 64 bytes failed: Only part of a ReadProcessMemory or WriteProcessMemory request was completed. (0x12B)
[0423/153357:WARNING:pe_image_reader.cc(281)] could not read dos header from C:\WINDOWS\SYSTEM32\SHLWAPI.dll
[0423/153357:ERROR:process_reader_win.cc(233)] ReadMemory at 0x75820000 of 64 bytes failed: Only part of a ReadProcessMemory or WriteProcessMemory request was completed. (0x12B)
[0423/153357:WARNING:pe_image_reader.cc(281)] could not read dos header from C:\WINDOWS\SYSTEM32\SHELL32.dll
[0423/153357:ERROR:process_reader_win.cc(233)] ReadMemory at 0x72630000 of 64 bytes failed: Only part of a ReadProcessMemory or WriteProcessMemory request was completed. (0x12B)
[0423/153357:WARNING:pe_image_reader.cc(281)] could not read dos header from C:\WINDOWS\SYSTEM32\WINMMBASE.dll
[0423/153357:ERROR:process_reader_win.cc(233)] ReadMemory at 0x726f0000 of 64 bytes failed: Only part of a ReadProcessMemory or WriteProcessMemory request was completed. (0x12B)
[0423/153357:WARNING:pe_image_reader.cc(281)] could not read dos header from C:\WINDOWS\SYSTEM32\WINMM.dll
[0423/153357:ERROR:process_reader_win.cc(233)] ReadMemory at 0x74f80000 of 64 bytes failed: Only part of a ReadProcessMemory or WriteProcessMemory request was completed. (0x12B)
[0423/153357:WARNING:pe_image_reader.cc(281)] could not read dos header from C:\WINDOWS\SYSTEM32\WTSAPI32.dll
[0423/153357:ERROR:process_reader_win.cc(233)] ReadMemory at 0x6c990000 of 64 bytes failed: Only part of a ReadProcessMemory or WriteProcessMemory request was completed. (0x12B)
[0423/153357:WARNING:pe_image_reader.cc(281)] could not read dos header from C:\WINDOWS\SYSTEM32\WINHTTP.dll
[0423/153357:ERROR:process_reader_win.cc(233)] ReadMemory at 0x74ec0000 of 64 bytes failed: Only part of a ReadProcessMemory or WriteProcessMemory request was completed. (0x12B)
[0423/153357:WARNING:pe_image_reader.cc(281)] could not read dos header from C:\WINDOWS\SYSTEM32\shcore.dll
[0423/153357:ERROR:process_reader_win.cc(233)] ReadMemory at 0x72210000 of 64 bytes failed: Only part of a ReadProcessMemory or WriteProcessMemory request was completed. (0x12B)
[0423/153357:WARNING:pe_image_reader.cc(281)] could not read dos header from C:\WINDOWS\SYSTEM32\dbghelp.dll
[0423/153357:ERROR:process_reader_win.cc(233)] ReadMemory at 0x755a0000 of 64 bytes failed: Only part of a ReadProcessMemory or WriteProcessMemory request was completed. (0x12B)
[0423/153357:WARNING:pe_image_reader.cc(281)] could not read dos header from C:\WINDOWS\SYSTEM32\ole32.dll
[0423/153357:ERROR:process_reader_win.cc(233)] ReadMemory at 0x777d0000 of 64 bytes failed: Only part of a ReadProcessMemory or WriteProcessMemory request was completed. (0x12B)
[0423/153357:WARNING:pe_image_reader.cc(281)] could not read dos header from C:\WINDOWS\SYSTEM32\OLEAUT32.dll
[0423/153357:ERROR:process_reader_win.cc(233)] ReadMemory at 0x77560000 of 64 bytes failed: Only part of a ReadProcessMemory or WriteProcessMemory request was completed. (0x12B)
[0423/153357:WARNING:pe_image_reader.cc(281)] could not read dos header from C:\WINDOWS\SYSTEM32\PSAPI.DLL
[0423/153357:ERROR:process_reader_win.cc(233)] ReadMemory at 0x77550000 of 64 bytes failed: Only part of a ReadProcessMemory or WriteProcessMemory request was completed. (0x12B)
[0423/153357:WARNING:pe_image_reader.cc(281)] could not read dos header from C:\WINDOWS\SYSTEM32\NSI.dll
[0423/153357:ERROR:process_reader_win.cc(233)] ReadMemory at 0x752f0000 of 64 bytes failed: Only part of a ReadProcessMemory or WriteProcessMemory request was completed. (0x12B)
[0423/153357:WARNING:pe_image_reader.cc(281)] could not read dos header from C:\WINDOWS\SYSTEM32\WS2_32.dll
[0423/153357:ERROR:process_reader_win.cc(233)] ReadMemory at 0x6a100000 of 64 bytes failed: Only part of a ReadProcessMemory or WriteProcessMemory request was completed. (0x12B)
[0423/153357:WARNING:pe_image_reader.cc(281)] could not read dos header from C:\WINDOWS\WinSxS\x86_microsoft.windows.common-controls_6595b64144ccf1df_6.0.9200.16384_none_893961408605e985\COMCTL32.dll
[0423/153357:ERROR:process_reader_win.cc(233)] ReadMemory at 0x770a0000 of 64 bytes failed: Only part of a ReadProcessMemory or WriteProcessMemory request was completed. (0x12B)
[0423/153357:WARNING:pe_image_reader.cc(281)] could not read dos header from C:\WINDOWS\SYSTEM32\COMDLG32.dll
[0423/153357:ERROR:process_reader_win.cc(233)] ReadMemory at 0x76e60000 of 64 bytes failed: Only part of a ReadProcessMemory or WriteProcessMemory request was completed. (0x12B)
[0423/153357:WARNING:pe_image_reader.cc(281)] could not read dos header from C:\WINDOWS\SYSTEM32\USP10.dll
[0423/153357:ERROR:process_reader_win.cc(233)] ReadMemory at 0x74f90000 of 64 bytes failed: Only part of a ReadProcessMemory or WriteProcessMemory request was completed. (0x12B)
[0423/153357:WARNING:pe_image_reader.cc(281)] could not read dos header from C:\WINDOWS\SYSTEM32\WINSPOOL.DRV
[0423/153357:ERROR:process_reader_win.cc(233)] ReadMemory at 0x72620000 of 64 bytes failed: Only part of a ReadProcessMemory or WriteProcessMemory request was completed. (0x12B)
[0423/153357:WARNING:pe_image_reader.cc(281)] could not read dos header from C:\WINDOWS\SYSTEM32\WINNSI.DLL
[0423/153357:ERROR:process_reader_win.cc(233)] ReadMemory at 0x726c0000 of 64 bytes failed: Only part of a ReadProcessMemory or WriteProcessMemory request was completed. (0x12B)
[0423/153357:WARNING:pe_image_reader.cc(281)] could not read dos header from C:\WINDOWS\SYSTEM32\IPHLPAPI.DLL
[0423/153357:ERROR:process_reader_win.cc(233)] ReadMemory at 0x72760000 of 64 bytes failed: Only part of a ReadProcessMemory or WriteProcessMemory request was completed. (0x12B)
[0423/153357:WARNING:pe_image_reader.cc(281)] could not read dos header from C:\WINDOWS\SYSTEM32\Secur32.dll
[0423/153357:ERROR:process_reader_win.cc(233)] ReadMemory at 0x6d1d0000 of 64 bytes failed: Only part of a ReadProcessMemory or WriteProcessMemory request was completed. (0x12B)
[0423/153357:WARNING:pe_image_reader.cc(281)] could not read dos header from C:\WINDOWS\SYSTEM32\DWrite.dll
[0423/153357:ERROR:process_reader_win.cc(233)] ReadMemory at 0x77080000 of 64 bytes failed: Only part of a ReadProcessMemory or WriteProcessMemory request was completed. (0x12B)
[0423/153357:WARNING:pe_image_reader.cc(281)] could not read dos header from C:\WINDOWS\SYSTEM32\MSASN1.dll
[0423/153357:ERROR:process_reader_win.cc(233)] ReadMemory at 0x768f0000 of 64 bytes failed: Only part of a ReadProcessMemory or WriteProcessMemory request was completed. (0x12B)
[0423/153357:WARNING:pe_image_reader.cc(281)] could not read dos header from C:\WINDOWS\SYSTEM32\CRYPT32.dll
[0423/153357:ERROR:process_reader_win.cc(233)] ReadMemory at 0x77360000 of 64 bytes failed: Only part of a ReadProcessMemory or WriteProcessMemory request was completed. (0x12B)
[0423/153357:WARNING:pe_image_reader.cc(281)] could not read dos header from C:\WINDOWS\SYSTEM32\WINTRUST.dll
[0423/153357:ERROR:process_reader_win.cc(233)] ReadMemory at 0x66fc0000 of 64 bytes failed: Only part of a ReadProcessMemory or WriteProcessMemory request was completed. (0x12B)
[0423/153357:WARNING:pe_image_reader.cc(281)] could not read dos header from C:\Program Files (x86)\Google\Chrome\Application\54.0.2840.71\chrome_child.dll
[0423/153357:ERROR:process_reader_win.cc(233)] ReadMemory at 0x1070000 of 64 bytes failed: Only part of a ReadProcessMemory or WriteProcessMemory request was completed. (0x12B)
[0423/153357:WARNING:pe_image_reader.cc(281)] could not read dos header from C:\Program Files (x86)\Google\Chrome\Application\chrome.exe
[0423/153357:ERROR:process_reader_win.cc(233)] ReadMemory at 0x779e0000 of 64 bytes failed: Only part of a ReadProcessMemory or WriteProcessMemory request was completed. (0x12B)
[0423/153357:WARNING:pe_image_reader.cc(281)] could not read dos header from C:\WINDOWS\SYSTEM32\ntdll.dll
[0423/153357:ERROR:process_reader_win.cc(233)] ReadMemory at 0x77440000 of 64 bytes failed: Only part of a ReadProcessMemory or WriteProcessMemory request was completed. (0x12B)
[0423/153357:WARNING:pe_image_reader.cc(281)] could not read dos header from C:\WINDOWS\SYSTEM32\KERNELBASE.dll
[0423/153357:ERROR:process_reader_win.cc(233)] ReadMemory at 0x75460000 of 64 bytes failed: Only part of a ReadProcessMemory or WriteProcessMemory request was completed. (0x12B)
[0423/153357:WARNING:pe_image_reader.cc(281)] could not read dos header from C:\WINDOWS\SYSTEM32\KERNEL32.DLL
[0423/153357:ERROR:process_reader_win.cc(233)] ReadMemory at 0x77860000 of 64 bytes failed: Only part of a ReadProcessMemory or WriteProcessMemory request was completed. (0x12B)
[0423/153357:WARNING:pe_image_reader.cc(281)] could not read dos header from C:\WINDOWS\SYSTEM32\msvcrt.dll
[0423/153357:ERROR:process_reader_win.cc(233)] ReadMemory at 0x74ff0000 of 64 bytes failed: Only part of a ReadProcessMemory or WriteProcessMemory request was completed. (0x12B)
[0423/153357:WARNING:pe_image_reader.cc(281)] could not read dos header from C:\WINDOWS\SYSTEM32\bcryptPrimitives.dll
[0423/153357:ERROR:process_reader_win.cc(233)] ReadMemory at 0x75050000 of 64 bytes failed: Only part of a ReadProcessMemory or WriteProcessMemory request was completed. (0x12B)
[0423/153357:WARNING:pe_image_reader.cc(281)] could not read dos header from C:\WINDOWS\SYSTEM32\CRYPTBASE.dll
[0423/153357:ERROR:process_reader_win.cc(233)] ReadMemory at 0x75060000 of 64 bytes failed: Only part of a ReadProcessMemory or WriteProcessMemory request was completed. (0x12B)
[0423/153357:WARNING:pe_image_reader.cc(281)] could not read dos header from C:\WINDOWS\SYSTEM32\SspiCli.dll
[0423/153357:ERROR:process_reader_win.cc(233)] ReadMemory at 0x75220000 of 64 bytes failed: Only part of a ReadProcessMemory or WriteProcessMemory request was completed. (0x12B)
[0423/153357:WARNING:pe_image_reader.cc(281)] could not read dos header from C:\WINDOWS\SYSTEM32\RPCRT4.dll
[0423/153357:ERROR:process_reader_win.cc(233)] ReadMemory at 0x774f0000 of 64 bytes failed: Only part of a ReadProcessMemory or WriteProcessMemory request was completed. (0x12B)
[0423/153357:WARNING:pe_image_reader.cc(281)] could not read dos header from C:\WINDOWS\SYSTEM32\sechost.dll
[0423/153357:ERROR:process_reader_win.cc(233)] ReadMemory at 0x75160000 of 64 bytes failed: Only part of a ReadProcessMemory or WriteProcessMemory request was completed. (0x12B)
[0423/153357:WARNING:pe_image_reader.cc(281)] could not read dos header from C:\WINDOWS\SYSTEM32\ADVAPI32.dll
[0423/153357:ERROR:process_reader_win.cc(233)] ReadMemory at 0x720d0000 of 64 bytes failed: Only part of a ReadProcessMemory or WriteProcessMemory request was completed. (0x12B)
[0423/153357:WARNING:pe_image_reader.cc(281)] could not read dos header from C:\WINDOWS\SYSTEM32\VERSION.dll
[0423/153357:ERROR:process_reader_win.cc(233)] ReadMemory at 0x6d060000 of 64 bytes failed: Only part of a ReadProcessMemory or WriteProcessMemory request was completed. (0x12B)
[0423/153357:WARNING:pe_image_reader.cc(281)] could not read dos header from C:\Program Files (x86)\Google\Chrome\Application\54.0.2840.71\chrome_elf.dll
[0423/153357:ERROR:process_reader_win.cc(233)] ReadMemory at 0x77570000 of 64 bytes failed: Only part of a ReadProcessMemory or WriteProcessMemory request was completed. (0x12B)
[0423/153357:WARNING:pe_image_reader.cc(281)] could not read dos header from C:\WINDOWS\SYSTEM32\combase.dll
[0423/153357:ERROR:process_reader_win.cc(233)] ReadMemory at 0x756c0000 of 64 bytes failed: Only part of a ReadProcessMemory or WriteProcessMemory request was completed. (0x12B)
[0423/153357:WARNING:pe_image_reader.cc(281)] could not read dos header from C:\WINDOWS\SYSTEM32\GDI32.dll
[0423/153357:ERROR:process_reader_win.cc(233)] ReadMemory at 0x776b0000 of 64 bytes failed: Only part of a ReadProcessMemory or WriteProcessMemory request was completed. (0x12B)
[0423/153357:WARNING:pe_image_reader.cc(281)] could not read dos header from C:\WINDOWS\SYSTEM32\USER32.dll
[0423/153357:ERROR:process_reader_win.cc(233)] ReadMemory at 0x75080000 of 64 bytes failed: Only part of a ReadProcessMemory or WriteProcessMemory request was completed. (0x12B)
[0423/153357:WARNING:pe_image_reader.cc(281)] could not read dos header from C:\WINDOWS\SYSTEM32\MSCTF.dll
[0423/153357:ERROR:process_reader_win.cc(233)] ReadMemory at 0x752d0000 of 64 bytes failed: Only part of a ReadProcessMemory or WriteProcessMemory request was completed. (0x12B)
[0423/153357:WARNING:pe_image_reader.cc(281)] could not read dos header from C:\WINDOWS\system32\IMM32.DLL
[0423/153357:ERROR:process_reader_win.cc(233)] ReadMemory at 0x772a0000 of 64 bytes failed: Only part of a ReadProcessMemory or WriteProcessMemory request was completed. (0x12B)
[0423/153357:WARNING:pe_image_reader.cc(281)] could not read dos header from C:\WINDOWS\SYSTEM32\SHLWAPI.dll
[0423/153357:ERROR:process_reader_win.cc(233)] ReadMemory at 0x75820000 of 64 bytes failed: Only part of a ReadProcessMemory or WriteProcessMemory request was completed. (0x12B)
[0423/153357:WARNING:pe_image_reader.cc(281)] could not read dos header from C:\WINDOWS\SYSTEM32\SHELL32.dll
[0423/153357:ERROR:process_reader_win.cc(233)] ReadMemory at 0x72630000 of 64 bytes failed: Only part of a ReadProcessMemory or WriteProcessMemory request was completed. (0x12B)
[0423/153357:WARNING:pe_image_reader.cc(281)] could not read dos header from C:\WINDOWS\SYSTEM32\WINMMBASE.dll
[0423/153357:ERROR:process_reader_win.cc(233)] ReadMemory at 0x726f0000 of 64 bytes failed: Only part of a ReadProcessMemory or WriteProcessMemory request was completed. (0x12B)
[0423/153357:WARNING:pe_image_reader.cc(281)] could not read dos header from C:\WINDOWS\SYSTEM32\WINMM.dll
[0423/153357:ERROR:process_reader_win.cc(233)] ReadMemory at 0x74f80000 of 64 bytes failed: Only part of a ReadProcessMemory or WriteProcessMemory request was completed. (0x12B)
[0423/153357:WARNING:pe_image_reader.cc(281)] could not read dos header from C:\WINDOWS\SYSTEM32\WTSAPI32.dll
[0423/153357:ERROR:process_reader_win.cc(233)] ReadMemory at 0x6c990000 of 64 bytes failed: Only part of a ReadProcessMemory or WriteProcessMemory request was completed. (0x12B)
[0423/153357:WARNING:pe_image_reader.cc(281)] could not read dos header from C:\WINDOWS\SYSTEM32\WINHTTP.dll
[0423/153357:ERROR:process_reader_win.cc(233)] ReadMemory at 0x74ec0000 of 64 bytes failed: Only part of a ReadProcessMemory or WriteProcessMemory request was completed. (0x12B)
[0423/153357:WARNING:pe_image_reader.cc(281)] could not read dos header from C:\WINDOWS\SYSTEM32\shcore.dll
[0423/153357:ERROR:process_reader_win.cc(233)] ReadMemory at 0x72210000 of 64 bytes failed: Only part of a ReadProcessMemory or WriteProcessMemory request was completed. (0x12B)
[0423/153357:WARNING:pe_image_reader.cc(281)] could not read dos header from C:\WINDOWS\SYSTEM32\dbghelp.dll
[0423/153357:ERROR:process_reader_win.cc(233)] ReadMemory at 0x755a0000 of 64 bytes failed: Only part of a ReadProcessMemory or WriteProcessMemory request was completed. (0x12B)
[0423/153357:WARNING:pe_image_reader.cc(281)] could not read dos header from C:\WINDOWS\SYSTEM32\ole32.dll
[0423/153357:ERROR:process_reader_win.cc(233)] ReadMemory at 0x777d0000 of 64 bytes failed: Only part of a ReadProcessMemory or WriteProcessMemory request was completed. (0x12B)
[0423/153357:WARNING:pe_image_reader.cc(281)] could not read dos header from C:\WINDOWS\SYSTEM32\OLEAUT32.dll
[0423/153357:ERROR:process_reader_win.cc(233)] ReadMemory at 0x77560000 of 64 bytes failed: Only part of a ReadProcessMemory or WriteProcessMemory request was completed. (0x12B)
[0423/153357:WARNING:pe_image_reader.cc(281)] could not read dos header from C:\WINDOWS\SYSTEM32\PSAPI.DLL
[0423/153357:ERROR:process_reader_win.cc(233)] ReadMemory at 0x77550000 of 64 bytes failed: Only part of a ReadProcessMemory or WriteProcessMemory request was completed. (0x12B)
[0423/153357:WARNING:pe_image_reader.cc(281)] could not read dos header from C:\WINDOWS\SYSTEM32\NSI.dll
[0423/153357:ERROR:process_reader_win.cc(233)] ReadMemory at 0x752f0000 of 64 bytes failed: Only part of a ReadProcessMemory or WriteProcessMemory request was completed. (0x12B)
[0423/153357:WARNING:pe_image_reader.cc(281)] could not read dos header from C:\WINDOWS\SYSTEM32\WS2_32.dll
[0423/153357:ERROR:process_reader_win.cc(233)] ReadMemory at 0x6a100000 of 64 bytes failed: Only part of a ReadProcessMemory or WriteProcessMemory request was completed. (0x12B)
[0423/153357:WARNING:pe_image_reader.cc(281)] could not read dos header from C:\WINDOWS\WinSxS\x86_microsoft.windows.common-controls_6595b64144ccf1df_6.0.9200.16384_none_893961408605e985\COMCTL32.dll
[0423/153357:ERROR:process_reader_win.cc(233)] ReadMemory at 0x770a0000 of 64 bytes failed: Only part of a ReadProcessMemory or WriteProcessMemory request was completed. (0x12B)
[0423/153357:WARNING:pe_image_reader.cc(281)] could not read dos header from C:\WINDOWS\SYSTEM32\COMDLG32.dll
[0423/153357:ERROR:process_reader_win.cc(233)] ReadMemory at 0x76e60000 of 64 bytes failed: Only part of a ReadProcessMemory or WriteProcessMemory request was completed. (0x12B)
[0423/153357:WARNING:pe_image_reader.cc(281)] could not read dos header from C:\WINDOWS\SYSTEM32\USP10.dll
[0423/153357:ERROR:process_reader_win.cc(233)] ReadMemory at 0x74f90000 of 64 bytes failed: Only part of a ReadProcessMemory or WriteProcessMemory request was completed. (0x12B)
[0423/153357:WARNING:pe_image_reader.cc(281)] could not read dos header from C:\WINDOWS\SYSTEM32\WINSPOOL.DRV
[0423/153357:ERROR:process_reader_win.cc(233)] ReadMemory at 0x72620000 of 64 bytes failed: Only part of a ReadProcessMemory or WriteProcessMemory request was completed. (0x12B)
[0423/153357:WARNING:pe_image_reader.cc(281)] could not read dos header from C:\WINDOWS\SYSTEM32\WINNSI.DLL
[0423/153357:ERROR:process_reader_win.cc(233)] ReadMemory at 0x726c0000 of 64 bytes failed: Only part of a ReadProcessMemory or WriteProcessMemory request was completed. (0x12B)
[0423/153357:WARNING:pe_image_reader.cc(281)] could not read dos header from C:\WINDOWS\SYSTEM32\IPHLPAPI.DLL
[0423/153357:ERROR:process_reader_win.cc(233)] ReadMemory at 0x72760000 of 64 bytes failed: Only part of a ReadProcessMemory or WriteProcessMemory request was completed. (0x12B)
[0423/153357:WARNING:pe_image_reader.cc(281)] could not read dos header from C:\WINDOWS\SYSTEM32\Secur32.dll
[0423/153357:ERROR:process_reader_win.cc(233)] ReadMemory at 0x6d1d0000 of 64 bytes failed: Only part of a ReadProcessMemory or WriteProcessMemory request was completed. (0x12B)
[0423/153357:WARNING:pe_image_reader.cc(281)] could not read dos header from C:\WINDOWS\SYSTEM32\DWrite.dll
[0423/153357:ERROR:process_reader_win.cc(233)] ReadMemory at 0x77080000 of 64 bytes failed: Only part of a ReadProcessMemory or WriteProcessMemory request was completed. (0x12B)
[0423/153357:WARNING:pe_image_reader.cc(281)] could not read dos header from C:\WINDOWS\SYSTEM32\MSASN1.dll
[0423/153357:ERROR:process_reader_win.cc(233)] ReadMemory at 0x768f0000 of 64 bytes failed: Only part of a ReadProcessMemory or WriteProcessMemory request was completed. (0x12B)
[0423/153357:WARNING:pe_image_reader.cc(281)] could not read dos header from C:\WINDOWS\SYSTEM32\CRYPT32.dll
[0423/153357:ERROR:process_reader_win.cc(233)] ReadMemory at 0x77360000 of 64 bytes failed: Only part of a ReadProcessMemory or WriteProcessMemory request was completed. (0x12B)
[0423/153357:WARNING:pe_image_reader.cc(281)] could not read dos header from C:\WINDOWS\SYSTEM32\WINTRUST.dll
[0423/153357:ERROR:process_reader_win.cc(233)] ReadMemory at 0x66fc0000 of 64 bytes failed: Only part of a ReadProcessMemory or WriteProcessMemory request was completed. (0x12B)
[0423/153357:WARNING:pe_image_reader.cc(281)] could not read dos header from C:\Program Files (x86)\Google\Chrome\Application\54.0.2840.71\chrome_child.dll
[0423/153357:ERROR:process_reader_win.cc(233)] ReadMemory at 0x1070000 of 64 bytes failed: Only part of a ReadProcessMemory or WriteProcessMemory request was completed. (0x12B)
[0423/153357:WARNING:pe_image_reader.cc(281)] could not read dos header from C:\Program Files (x86)\Google\Chrome\Application\chrome.exe
[0423/153357:ERROR:process_reader_win.cc(233)] ReadMemory at 0x779e0000 of 64 bytes failed: Only part of a ReadProcessMemory or WriteProcessMemory request was completed. (0x12B)
[0423/153357:WARNING:pe_image_reader.cc(281)] could not read dos header from C:\WINDOWS\SYSTEM32\ntdll.dll
[0423/153357:ERROR:process_reader_win.cc(233)] ReadMemory at 0x77440000 of 64 bytes failed: Only part of a ReadProcessMemory or WriteProcessMemory request was completed. (0x12B)
[0423/153357:WARNING:pe_image_reader.cc(281)] could not read dos header from C:\WINDOWS\SYSTEM32\KERNELBASE.dll
[0423/153357:ERROR:process_reader_win.cc(233)] ReadMemory at 0x75460000 of 64 bytes failed: Only part of a ReadProcessMemory or WriteProcessMemory request was completed. (0x12B)
[0423/153357:WARNING:pe_image_reader.cc(281)] could not read dos header from C:\WINDOWS\SYSTEM32\KERNEL32.DLL
[0423/153357:ERROR:process_reader_win.cc(233)] ReadMemory at 0x77860000 of 64 bytes failed: Only part of a ReadProcessMemory or WriteProcessMemory request was completed. (0x12B)
[0423/153357:WARNING:pe_image_reader.cc(281)] could not read dos header from C:\WINDOWS\SYSTEM32\msvcrt.dll
[0423/153357:ERROR:process_reader_win.cc(233)] ReadMemory at 0x74ff0000 of 64 bytes failed: Only part of a ReadProcessMemory or WriteProcessMemory request was completed. (0x12B)
[0423/153357:WARNING:pe_image_reader.cc(281)] could not read dos header from C:\WINDOWS\SYSTEM32\bcryptPrimitives.dll
[0423/153357:ERROR:process_reader_win.cc(233)] ReadMemory at 0x75050000 of 64 bytes failed: Only part of a ReadProcessMemory or WriteProcessMemory request was completed. (0x12B)
[0423/153357:WARNING:pe_image_reader.cc(281)] could not read dos header from C:\WINDOWS\SYSTEM32\CRYPTBASE.dll
[0423/153357:ERROR:process_reader_win.cc(233)] ReadMemory at 0x75060000 of 64 bytes failed: Only part of a ReadProcessMemory or WriteProcessMemory request was completed. (0x12B)
[0423/153357:WARNING:pe_image_reader.cc(281)] could not read dos header from C:\WINDOWS\SYSTEM32\SspiCli.dll
[0423/153357:ERROR:process_reader_win.cc(233)] ReadMemory at 0x75220000 of 64 bytes failed: Only part of a ReadProcessMemory or WriteProcessMemory request was completed. (0x12B)
[0423/153357:WARNING:pe_image_reader.cc(281)] could not read dos header from C:\WINDOWS\SYSTEM32\RPCRT4.dll
[0423/153357:ERROR:process_reader_win.cc(233)] ReadMemory at 0x774f0000 of 64 bytes failed: Only part of a ReadProcessMemory or WriteProcessMemory request was completed. (0x12B)
[0423/153357:WARNING:pe_image_reader.cc(281)] could not read dos header from C:\WINDOWS\SYSTEM32\sechost.dll
[0423/153357:ERROR:process_reader_win.cc(233)] ReadMemory at 0x75160000 of 64 bytes failed: Only part of a ReadProcessMemory or WriteProcessMemory request was completed. (0x12B)
[0423/153357:WARNING:pe_image_reader.cc(281)] could not read dos header from C:\WINDOWS\SYSTEM32\ADVAPI32.dll
[0423/153357:ERROR:process_reader_win.cc(233)] ReadMemory at 0x720d0000 of 64 bytes failed: Only part of a ReadProcessMemory or WriteProcessMemory request was completed. (0x12B)
[0423/153357:WARNING:pe_image_reader.cc(281)] could not read dos header from C:\WINDOWS\SYSTEM32\VERSION.dll
[0423/153357:ERROR:process_reader_win.cc(233)] ReadMemory at 0x6d060000 of 64 bytes failed: Only part of a ReadProcessMemory or WriteProcessMemory request was completed. (0x12B)
[0423/153357:WARNING:pe_image_reader.cc(281)] could not read dos header from C:\Program Files (x86)\Google\Chrome\Application\54.0.2840.71\chrome_elf.dll
[0423/153357:ERROR:process_reader_win.cc(233)] ReadMemory at 0x77570000 of 64 bytes failed: Only part of a ReadProcessMemory or WriteProcessMemory request was completed. (0x12B)
[0423/153357:WARNING:pe_image_reader.cc(281)] could not read dos header from C:\WINDOWS\SYSTEM32\combase.dll
[0423/153357:ERROR:process_reader_win.cc(233)] ReadMemory at 0x756c0000 of 64 bytes failed: Only part of a ReadProcessMemory or WriteProcessMemory request was completed. (0x12B)
[0423/153357:WARNING:pe_image_reader.cc(281)] could not read dos header from C:\WINDOWS\SYSTEM32\GDI32.dll
[0423/153357:ERROR:process_reader_win.cc(233)] ReadMemory at 0x776b0000 of 64 bytes failed: Only part of a ReadProcessMemory or WriteProcessMemory request was completed. (0x12B)
[0423/153357:WARNING:pe_image_reader.cc(281)] could not read dos header from C:\WINDOWS\SYSTEM32\USER32.dll
[0423/153357:ERROR:process_reader_win.cc(233)] ReadMemory at 0x75080000 of 64 bytes failed: Only part of a ReadProcessMemory or WriteProcessMemory request was completed. (0x12B)
[0423/153357:WARNING:pe_image_reader.cc(281)] could not read dos header from C:\WINDOWS\SYSTEM32\MSCTF.dll
[0423/153357:ERROR:process_reader_win.cc(233)] ReadMemory at 0x752d0000 of 64 bytes failed: Only part of a ReadProcessMemory or WriteProcessMemory request was completed. (0x12B)
[0423/153357:WARNING:pe_image_reader.cc(281)] could not read dos header from C:\WINDOWS\system32\IMM32.DLL
[0423/153357:ERROR:process_reader_win.cc(233)] ReadMemory at 0x772a0000 of 64 bytes failed: Only part of a ReadProcessMemory or WriteProcessMemory request was completed. (0x12B)
[0423/153357:WARNING:pe_image_reader.cc(281)] could not read dos header from C:\WINDOWS\SYSTEM32\SHLWAPI.dll
[0423/153357:ERROR:process_reader_win.cc(233)] ReadMemory at 0x75820000 of 64 bytes failed: Only part of a ReadProcessMemory or WriteProcessMemory request was completed. (0x12B)
[0423/153357:WARNING:pe_image_reader.cc(281)] could not read dos header from C:\WINDOWS\SYSTEM32\SHELL32.dll
[0423/153357:ERROR:process_reader_win.cc(233)] ReadMemory at 0x72630000 of 64 bytes failed: Only part of a ReadProcessMemory or WriteProcessMemory request was completed. (0x12B)
[0423/153357:WARNING:pe_image_reader.cc(281)] could not read dos header from C:\WINDOWS\SYSTEM32\WINMMBASE.dll
[0423/153357:ERROR:process_reader_win.cc(233)] ReadMemory at 0x726f0000 of 64 bytes failed: Only part of a ReadProcessMemory or WriteProcessMemory request was completed. (0x12B)
[0423/153357:WARNING:pe_image_reader.cc(281)] could not read dos header from C:\WINDOWS\SYSTEM32\WINMM.dll
[0423/153357:ERROR:process_reader_win.cc(233)] ReadMemory at 0x74f80000 of 64 bytes failed: Only part of a ReadProcessMemory or WriteProcessMemory request was completed. (0x12B)
[0423/153357:WARNING:pe_image_reader.cc(281)] could not read dos header from C:\WINDOWS\SYSTEM32\WTSAPI32.dll
[0423/153357:ERROR:process_reader_win.cc(233)] ReadMemory at 0x6c990000 of 64 bytes failed: Only part of a ReadProcessMemory or WriteProcessMemory request was completed. (0x12B)
[0423/153357:WARNING:pe_image_reader.cc(281)] could not read dos header from C:\WINDOWS\SYSTEM32\WINHTTP.dll
[0423/153357:ERROR:process_reader_win.cc(233)] ReadMemory at 0x74ec0000 of 64 bytes failed: Only part of a ReadProcessMemory or WriteProcessMemory request was completed. (0x12B)
[0423/153357:WARNING:pe_image_reader.cc(281)] could not read dos header from C:\WINDOWS\SYSTEM32\shcore.dll
[0423/153357:ERROR:process_reader_win.cc(233)] ReadMemory at 0x72210000 of 64 bytes failed: Only part of a ReadProcessMemory or WriteProcessMemory request was completed. (0x12B)
[0423/153357:WARNING:pe_image_reader.cc(281)] could not read dos header from C:\WINDOWS\SYSTEM32\dbghelp.dll
[0423/153357:ERROR:process_reader_win.cc(233)] ReadMemory at 0x755a0000 of 64 bytes failed: Only part of a ReadProcessMemory or WriteProcessMemory request was completed. (0x12B)
[0423/153357:WARNING:pe_image_reader.cc(281)] could not read dos header from C:\WINDOWS\SYSTEM32\ole32.dll
[0423/153357:ERROR:process_reader_win.cc(233)] ReadMemory at 0x777d0000 of 64 bytes failed: Only part of a ReadProcessMemory or WriteProcessMemory request was completed. (0x12B)
[0423/153357:WARNING:pe_image_reader.cc(281)] could not read dos header from C:\WINDOWS\SYSTEM32\OLEAUT32.dll
[0423/153357:ERROR:process_reader_win.cc(233)] ReadMemory at 0x77560000 of 64 bytes failed: Only part of a ReadProcessMemory or WriteProcessMemory request was completed. (0x12B)
[0423/153357:WARNING:pe_image_reader.cc(281)] could not read dos header from C:\WINDOWS\SYSTEM32\PSAPI.DLL
[0423/153357:ERROR:process_reader_win.cc(233)] ReadMemory at 0x77550000 of 64 bytes failed: Only part of a ReadProcessMemory or WriteProcessMemory request was completed. (0x12B)
[0423/153357:WARNING:pe_image_reader.cc(281)] could not read dos header from C:\WINDOWS\SYSTEM32\NSI.dll
[0423/153357:ERROR:process_reader_win.cc(233)] ReadMemory at 0x752f0000 of 64 bytes failed: Only part of a ReadProcessMemory or WriteProcessMemory request was completed. (0x12B)
[0423/153357:WARNING:pe_image_reader.cc(281)] could not read dos header from C:\WINDOWS\SYSTEM32\WS2_32.dll
[0423/153357:ERROR:process_reader_win.cc(233)] ReadMemory at 0x6a100000 of 64 bytes failed: Only part of a ReadProcessMemory or WriteProcessMemory request was completed. (0x12B)
[0423/153357:WARNING:pe_image_reader.cc(281)] could not read dos header from C:\WINDOWS\WinSxS\x86_microsoft.windows.common-controls_6595b64144ccf1df_6.0.9200.16384_none_893961408605e985\COMCTL32.dll
[0423/153357:ERROR:process_reader_win.cc(233)] ReadMemory at 0x770a0000 of 64 bytes failed: Only part of a ReadProcessMemory or WriteProcessMemory request was completed. (0x12B)
[0423/153357:WARNING:pe_image_reader.cc(281)] could not read dos header from C:\WINDOWS\SYSTEM32\COMDLG32.dll
[0423/153357:ERROR:process_reader_win.cc(233)] ReadMemory at 0x76e60000 of 64 bytes failed: Only part of a ReadProcessMemory or WriteProcessMemory request was completed. (0x12B)
[0423/153357:WARNING:pe_image_reader.cc(281)] could not read dos header from C:\WINDOWS\SYSTEM32\USP10.dll
[0423/153357:ERROR:process_reader_win.cc(233)] ReadMemory at 0x74f90000 of 64 bytes failed: Only part of a ReadProcessMemory or WriteProcessMemory request was completed. (0x12B)
[0423/153357:WARNING:pe_image_reader.cc(281)] could not read dos header from C:\WINDOWS\SYSTEM32\WINSPOOL.DRV
[0423/153357:ERROR:process_reader_win.cc(233)] ReadMemory at 0x72620000 of 64 bytes failed: Only part of a ReadProcessMemory or WriteProcessMemory request was completed. (0x12B)
[0423/153357:WARNING:pe_image_reader.cc(281)] could not read dos header from C:\WINDOWS\SYSTEM32\WINNSI.DLL
[0423/153357:ERROR:process_reader_win.cc(233)] ReadMemory at 0x726c0000 of 64 bytes failed: Only part of a ReadProcessMemory or WriteProcessMemory request was completed. (0x12B)
[0423/153357:WARNING:pe_image_reader.cc(281)] could not read dos header from C:\WINDOWS\SYSTEM32\IPHLPAPI.DLL
[0423/153357:ERROR:process_reader_win.cc(233)] ReadMemory at 0x72760000 of 64 bytes failed: Only part of a ReadProcessMemory or WriteProcessMemory request was completed. (0x12B)
[0423/153357:WARNING:pe_image_reader.cc(281)] could not read dos header from C:\WINDOWS\SYSTEM32\Secur32.dll
[0423/153357:ERROR:process_reader_win.cc(233)] ReadMemory at 0x6d1d0000 of 64 bytes failed: Only part of a ReadProcessMemory or WriteProcessMemory request was completed. (0x12B)
[0423/153357:WARNING:pe_image_reader.cc(281)] could not read dos header from C:\WINDOWS\SYSTEM32\DWrite.dll
[0423/153357:ERROR:process_reader_win.cc(233)] ReadMemory at 0x77080000 of 64 bytes failed: Only part of a ReadProcessMemory or WriteProcessMemory request was completed. (0x12B)
[0423/153357:WARNING:pe_image_reader.cc(281)] could not read dos header from C:\WINDOWS\SYSTEM32\MSASN1.dll
[0423/153357:ERROR:process_reader_win.cc(233)] ReadMemory at 0x768f0000 of 64 bytes failed: Only part of a ReadProcessMemory or WriteProcessMemory request was completed. (0x12B)
[0423/153357:WARNING:pe_image_reader.cc(281)] could not read dos header from C:\WINDOWS\SYSTEM32\CRYPT32.dll
[0423/153357:ERROR:process_reader_win.cc(233)] ReadMemory at 0x77360000 of 64 bytes failed: Only part of a ReadProcessMemory or WriteProcessMemory request was completed. (0x12B)
[0423/153357:WARNING:pe_image_reader.cc(281)] could not read dos header from C:\WINDOWS\SYSTEM32\WINTRUST.dll
[0423/153357:ERROR:process_reader_win.cc(233)] ReadMemory at 0x66fc0000 of 64 bytes failed: Only part of a ReadProcessMemory or WriteProcessMemory request was completed. (0x12B)
[0423/153357:WARNING:pe_image_reader.cc(281)] could not read dos header from C:\Program Files (x86)\Google\Chrome\Application\54.0.2840.71\chrome_child.dll
[0423/153357:ERROR:process_reader_win.cc(233)] ReadMemory at 0x1e7000 of 36864 bytes failed: Only part of a ReadProcessMemory or WriteProcessMemory request was completed. (0x12B)
[0423/153357:ERROR:crash_report_exception_handler.cc(98)] WriteEverything failed
[0423/153357:ERROR:scoped_process_suspend.cc(38)] NtResumeProcess: An attempt was made to access an exiting process.  (0xc000010a)
